<?xml version="1.0" encoding="UTF-8"?>
<!-- Generated by org.testng.reporters.JUnitReportReporter -->
<testsuite name="test.TestRun" tests="1" time="124.265" ignored="0" failures="0" timestamp="15 Jun 2021 03:56:58 GMT" skipped="0" hostname="HABWKNPC1L4H1T" errors="0">
  <testcase name="runScenario" time="124.265" classname="test.TestRun"/>
</testsuite> <!-- test.TestRun -->
